<?xml version="1.0" encoding="UTF-8"?>
<testng-results skipped="0" failed="0" ignored="0" total="1" passed="1">
  <reporter-output>
  </reporter-output>
  <suite name="Default suite" duration-ms="5108" started-at="2021-07-27T22:10:32 AEST" finished-at="2021-07-27T22:10:37 AEST">
    <groups>
    </groups>
    <test name="Default test" duration-ms="5108" started-at="2021-07-27T22:10:32 AEST" finished-at="2021-07-27T22:10:37 AEST">
      <class name="AzureWebhosting.website1automation.automation">
        <test-method status="PASS" signature="automation1()[pri:0, instance:AzureWebhosting.website1automation.automation@7f13d6e]" name="automation1" duration-ms="5045" started-at="2021-07-27T22:10:32 AEST" finished-at="2021-07-27T22:10:37 AEST">
          <reporter-output>
          </reporter-output>
        </test-method> <!-- automation1 -->
      </class> <!-- AzureWebhosting.website1automation.automation -->
    </test> <!-- Default test -->
  </suite> <!-- Default suite -->
</testng-results>
